[2025-12-05T06:12:49.796+0000] {taskinstance.py:1157} INFO - Dependencies all met for dep_context=non-requeueable deps ti=<TaskInstance: banking_etl_dag.extract_data scheduled__2025-12-04T00:00:00+00:00 [queued]>
[2025-12-05T06:12:49.822+0000] {taskinstance.py:1157} INFO - Dependencies all met for dep_context=requeueable deps ti=<TaskInstance: banking_etl_dag.extract_data scheduled__2025-12-04T00:00:00+00:00 [queued]>
[2025-12-05T06:12:49.828+0000] {taskinstance.py:1359} INFO - Starting attempt 2 of 2
[2025-12-05T06:12:49.866+0000] {taskinstance.py:1380} INFO - Executing <Task(PythonOperator): extract_data> on 2025-12-04 00:00:00+00:00
[2025-12-05T06:12:49.874+0000] {standard_task_runner.py:57} INFO - Started process 333 to run task
[2025-12-05T06:12:49.879+0000] {standard_task_runner.py:84} INFO - Running: ['***', 'tasks', 'run', 'banking_etl_dag', 'extract_data', 'scheduled__2025-12-04T00:00:00+00:00', '--job-id', '4', '--raw', '--subdir', 'DAGS_FOLDER/banking_etl_dag.py', '--cfg-path', '/tmp/tmp_n2xakd9']
[2025-12-05T06:12:49.887+0000] {standard_task_runner.py:85} INFO - Job 4: Subtask extract_data
[2025-12-05T06:12:49.922+0000] {logging_mixin.py:151} WARNING - /home/***/.local/lib/python3.8/site-packages/***/settings.py:195 DeprecationWarning: The sql_alchemy_conn option in [core] has been moved to the sql_alchemy_conn option in [database] - the old setting has been used, but please update your config.
[2025-12-05T06:12:50.288+0000] {task_command.py:415} INFO - Running <TaskInstance: banking_etl_dag.extract_data scheduled__2025-12-04T00:00:00+00:00 [running]> on host 65b90175797e
[2025-12-05T06:12:51.015+0000] {taskinstance.py:1660} INFO - Exporting env vars: AIRFLOW_CTX_DAG_OWNER='fatur' AIRFLOW_CTX_DAG_ID='banking_etl_dag' AIRFLOW_CTX_TASK_ID='extract_data' AIRFLOW_CTX_EXECUTION_DATE='2025-12-04T00:00:00+00:00' AIRFLOW_CTX_TRY_NUMBER='2' AIRFLOW_CTX_DAG_RUN_ID='scheduled__2025-12-04T00:00:00+00:00'
[2025-12-05T06:12:51.054+0000] {logging_mixin.py:151} WARNING - /opt/***/dags/banking_etl_dag.py:21 UserWarning: pandas only supports SQLAlchemy connectable (engine/connection) or database string URI or sqlite3 DBAPI2 connection. Other DBAPI2 objects are not tested. Please consider using SQLAlchemy.
[2025-12-05T06:12:51.057+0000] {taskinstance.py:1935} ERROR - Task failed with exception
Traceback (most recent call last):
  File "/home/airflow/.local/lib/python3.8/site-packages/pandas/io/sql.py", line 2202, in execute
    cur.execute(sql, *args)
psycopg2.errors.UndefinedTable: relation "customer" does not exist
LINE 1: SELECT * FROM customer;
                      ^


The above exception was the direct cause of the following exception:

Traceback (most recent call last):
  File "/home/airflow/.local/lib/python3.8/site-packages/airflow/operators/python.py", line 192, in execute
    return_value = self.execute_callable()
  File "/home/airflow/.local/lib/python3.8/site-packages/airflow/operators/python.py", line 209, in execute_callable
    return self.python_callable(*self.op_args, **self.op_kwargs)
  File "/opt/airflow/dags/banking_etl_dag.py", line 21, in extract_data
    df = pd.read_sql(query, conn)
  File "/home/airflow/.local/lib/python3.8/site-packages/pandas/io/sql.py", line 635, in read_sql
    return pandas_sql.read_query(
  File "/home/airflow/.local/lib/python3.8/site-packages/pandas/io/sql.py", line 2266, in read_query
    cursor = self.execute(sql, params)
  File "/home/airflow/.local/lib/python3.8/site-packages/pandas/io/sql.py", line 2214, in execute
    raise ex from exc
pandas.errors.DatabaseError: Execution failed on sql 'SELECT * FROM customer;': relation "customer" does not exist
LINE 1: SELECT * FROM customer;
                      ^

[2025-12-05T06:12:51.090+0000] {taskinstance.py:1398} INFO - Marking task as FAILED. dag_id=banking_etl_dag, task_id=extract_data, execution_date=20251204T000000, start_date=20251205T061249, end_date=20251205T061251
[2025-12-05T06:12:51.109+0000] {standard_task_runner.py:104} ERROR - Failed to execute job 4 for task extract_data (Execution failed on sql 'SELECT * FROM customer;': relation "customer" does not exist
LINE 1: SELECT * FROM customer;
                      ^
; 333)
[2025-12-05T06:12:51.147+0000] {local_task_job_runner.py:228} INFO - Task exited with return code 1
[2025-12-05T06:12:51.201+0000] {taskinstance.py:2776} INFO - 0 downstream tasks scheduled from follow-on schedule check
